<?xml version="1.0" encoding="UTF-8"?>
<testng-results skipped="0" failed="0" ignored="0" total="1" passed="1">
  <reporter-output>
  </reporter-output>
  <suite name="Default suite" duration-ms="3762" started-at="2017-06-06T06:00:02Z" finished-at="2017-06-06T06:00:06Z">
    <groups>
    </groups>
    <test name="Default test" duration-ms="3762" started-at="2017-06-06T06:00:02Z" finished-at="2017-06-06T06:00:06Z">
      <class name="TestNG.T1">
        <test-method status="PASS" signature="main()[pri:0, instance:TestNG.T1@66a3ffec]" name="main" duration-ms="3706" started-at="2017-06-06T11:30:02Z" finished-at="2017-06-06T11:30:06Z">
          <reporter-output>
          </reporter-output>
        </test-method> <!-- main -->
      </class> <!-- TestNG.T1 -->
    </test> <!-- Default test -->
  </suite> <!-- Default suite -->
</testng-results>
